<?xml version="1.0" encoding="UTF-8"?>
<coverage generated="1642393256200" clover="3.2.0">
  <project timestamp="1642393256200" name="All files">
    <metrics statements="34" coveredstatements="30" conditionals="0" coveredconditionals="0" methods="15" coveredmethods="13" elements="49" coveredelements="43" complexity="0" loc="34" ncloc="34" packages="1" files="1" classes="1"/>
    <file name="yelpCalls.js" path="/Users/vivektanniru/Desktop/adp/adp_yelp_demo/yelpCalls.js">
      <metrics statements="34" coveredstatements="30" conditionals="0" coveredconditionals="0" methods="15" coveredmethods="13"/>
      <line num="1" count="1" type="stmt"/>
      <line num="2" count="1" type="stmt"/>
      <line num="3" count="1" type="stmt"/>
      <line num="4" count="1" type="stmt"/>
      <line num="6" count="3" type="stmt"/>
      <line num="7" count="3" type="stmt"/>
      <line num="8" count="3" type="stmt"/>
      <line num="10" count="3" type="stmt"/>
      <line num="11" count="3" type="stmt"/>
      <line num="12" count="15" type="stmt"/>
      <line num="15" count="3" type="stmt"/>
      <line num="19" count="3" type="stmt"/>
      <line num="22" count="3" type="stmt"/>
      <line num="23" count="15" type="stmt"/>
      <line num="30" count="3" type="stmt"/>
      <line num="31" count="15" type="stmt"/>
      <line num="33" count="15" type="stmt"/>
      <line num="38" count="15" type="stmt"/>
      <line num="42" count="3" type="stmt"/>
      <line num="44" count="3" type="stmt"/>
      <line num="50" count="3" type="stmt"/>
      <line num="51" count="3" type="stmt"/>
      <line num="52" count="3" type="stmt"/>
      <line num="53" count="3" type="stmt"/>
      <line num="54" count="3" type="stmt"/>
      <line num="57" count="3" type="stmt"/>
      <line num="61" count="0" type="stmt"/>
      <line num="62" count="0" type="stmt"/>
      <line num="68" count="15" type="stmt"/>
      <line num="69" count="15" type="stmt"/>
      <line num="72" count="15" type="stmt"/>
      <line num="75" count="0" type="stmt"/>
      <line num="76" count="0" type="stmt"/>
      <line num="81" count="1" type="stmt"/>
    </file>
  </project>
</coverage>
