{"/Users/vivektanniru/Desktop/adp/adp_yelp_demo/yelpCalls.js": {"path":"/Users/vivektanniru/Desktop/adp/adp_yelp_demo/yelpCalls.js","statementMap":{"0":{"start":{"line":1,"column":14},"end":{"line":1,"column":30}},"1":{"start":{"line":2,"column":13},"end":{"line":2,"column":30}},"2":{"start":{"line":3,"column":15},"end":{"line":3,"column":47}},"3":{"start":{"line":4,"column":14},"end":{"line":4,"column":26}},"4":{"start":{"line":6,"column":23},"end":{"line":6,"column":69}},"5":{"start":{"line":7,"column":4},"end":{"line":7,"column":70}},"6":{"start":{"line":8,"column":19},"end":{"line":8,"column":41}},"7":{"start":{"line":10,"column":18},"end":{"line":10,"column":44}},"8":{"start":{"line":11,"column":4},"end":{"line":13,"column":7}},"9":{"start":{"line":12,"column":8},"end":{"line":12,"column":26}},"10":{"start":{"line":15,"column":4},"end":{"line":15,"column":19}},"11":{"start":{"line":19,"column":4},"end":{"line":46,"column":6}},"12":{"start":{"line":22,"column":24},"end":{"line":28,"column":10}},"13":{"start":{"line":23,"column":12},"end":{"line":27,"column":13}},"14":{"start":{"line":30,"column":22},"end":{"line":39,"column":10}},"15":{"start":{"line":31,"column":23},"end":{"line":31,"column":56}},"16":{"start":{"line":33,"column":12},"end":{"line":37,"column":14}},"17":{"start":{"line":38,"column":12},"end":{"line":38,"column":27}},"18":{"start":{"line":42,"column":8},"end":{"line":45,"column":10}},"19":{"start":{"line":44,"column":12},"end":{"line":44,"column":28}},"20":{"start":{"line":50,"column":14},"end":{"line":50,"column":75}},"21":{"start":{"line":51,"column":4},"end":{"line":51,"column":37}},"22":{"start":{"line":52,"column":4},"end":{"line":52,"column":39}},"23":{"start":{"line":53,"column":4},"end":{"line":64,"column":6}},"24":{"start":{"line":54,"column":8},"end":{"line":63,"column":14}},"25":{"start":{"line":57,"column":16},"end":{"line":57,"column":39}},"26":{"start":{"line":61,"column":16},"end":{"line":61,"column":35}},"27":{"start":{"line":62,"column":16},"end":{"line":62,"column":29}},"28":{"start":{"line":68,"column":4},"end":{"line":78,"column":6}},"29":{"start":{"line":69,"column":8},"end":{"line":77,"column":14}},"30":{"start":{"line":72,"column":16},"end":{"line":72,"column":39}},"31":{"start":{"line":75,"column":16},"end":{"line":75,"column":35}},"32":{"start":{"line":76,"column":16},"end":{"line":76,"column":29}},"33":{"start":{"line":81,"column":0},"end":{"line":83,"column":1}}},"fnMap":{"0":{"name":"getRestuarant","decl":{"start":{"line":5,"column":15},"end":{"line":5,"column":28}},"loc":{"start":{"line":5,"column":52},"end":{"line":17,"column":1}},"line":5},"1":{"name":"(anonymous_1)","decl":{"start":{"line":11,"column":20},"end":{"line":11,"column":21}},"loc":{"start":{"line":11,"column":31},"end":{"line":13,"column":5}},"line":11},"2":{"name":"getReviews","decl":{"start":{"line":18,"column":9},"end":{"line":18,"column":19}},"loc":{"start":{"line":18,"column":26},"end":{"line":47,"column":1}},"line":18},"3":{"name":"(anonymous_3)","decl":{"start":{"line":19,"column":23},"end":{"line":19,"column":24}},"loc":{"start":{"line":19,"column":44},"end":{"line":46,"column":5}},"line":19},"4":{"name":"(anonymous_4)","decl":{"start":{"line":22,"column":33},"end":{"line":22,"column":34}},"loc":{"start":{"line":22,"column":43},"end":{"line":28,"column":9}},"line":22},"5":{"name":"(anonymous_5)","decl":{"start":{"line":30,"column":36},"end":{"line":30,"column":37}},"loc":{"start":{"line":30,"column":55},"end":{"line":39,"column":9}},"line":30},"6":{"name":"(anonymous_6)","decl":{"start":{"line":42,"column":34},"end":{"line":42,"column":35}},"loc":{"start":{"line":42,"column":44},"end":{"line":45,"column":9}},"line":42},"7":{"name":"getBusinessSearch","decl":{"start":{"line":49,"column":9},"end":{"line":49,"column":26}},"loc":{"start":{"line":49,"column":50},"end":{"line":65,"column":1}},"line":49},"8":{"name":"(anonymous_8)","decl":{"start":{"line":53,"column":23},"end":{"line":53,"column":24}},"loc":{"start":{"line":53,"column":50},"end":{"line":64,"column":5}},"line":53},"9":{"name":"(anonymous_9)","decl":{"start":{"line":56,"column":18},"end":{"line":56,"column":19}},"loc":{"start":{"line":56,"column":38},"end":{"line":59,"column":13}},"line":56},"10":{"name":"(anonymous_10)","decl":{"start":{"line":60,"column":19},"end":{"line":60,"column":20}},"loc":{"start":{"line":60,"column":36},"end":{"line":63,"column":13}},"line":60},"11":{"name":"getExertReviews","decl":{"start":{"line":67,"column":9},"end":{"line":67,"column":24}},"loc":{"start":{"line":67,"column":29},"end":{"line":79,"column":1}},"line":67},"12":{"name":"(anonymous_12)","decl":{"start":{"line":68,"column":23},"end":{"line":68,"column":24}},"loc":{"start":{"line":68,"column":50},"end":{"line":78,"column":5}},"line":68},"13":{"name":"(anonymous_13)","decl":{"start":{"line":71,"column":18},"end":{"line":71,"column":19}},"loc":{"start":{"line":71,"column":38},"end":{"line":73,"column":13}},"line":71},"14":{"name":"(anonymous_14)","decl":{"start":{"line":74,"column":19},"end":{"line":74,"column":20}},"loc":{"start":{"line":74,"column":36},"end":{"line":77,"column":13}},"line":74}},"branchMap":{},"s":{"0":1,"1":1,"2":1,"3":1,"4":3,"5":3,"6":3,"7":3,"8":3,"9":15,"10":3,"11":3,"12":3,"13":15,"14":3,"15":15,"16":15,"17":15,"18":3,"19":3,"20":3,"21":3,"22":3,"23":3,"24":3,"25":3,"26":0,"27":0,"28":15,"29":15,"30":15,"31":0,"32":0,"33":1},"f":{"0":3,"1":15,"2":3,"3":3,"4":15,"5":15,"6":3,"7":3,"8":3,"9":3,"10":0,"11":15,"12":15,"13":15,"14":0},"b":{},"_coverageSchema":"1a1c01bbd47fc00a2c39e90264f33305004495a9","hash":"950b7eac2ab7e23137642dd647cfc144250f207b"}
}
