{"/Users/vivektanniru/Desktop/adp/adp_yelp_demo/yelpCalls.js": {"path":"/Users/vivektanniru/Desktop/adp/adp_yelp_demo/yelpCalls.js","statementMap":{"0":{"start":{"line":1,"column":13},"end":{"line":1,"column":30}},"1":{"start":{"line":2,"column":45},"end":{"line":2,"column":70}},"2":{"start":{"line":4,"column":23},"end":{"line":4,"column":69}},"3":{"start":{"line":5,"column":4},"end":{"line":5,"column":70}},"4":{"start":{"line":6,"column":19},"end":{"line":6,"column":41}},"5":{"start":{"line":8,"column":18},"end":{"line":8,"column":44}},"6":{"start":{"line":9,"column":4},"end":{"line":11,"column":7}},"7":{"start":{"line":10,"column":8},"end":{"line":10,"column":26}},"8":{"start":{"line":13,"column":4},"end":{"line":13,"column":19}},"9":{"start":{"line":17,"column":4},"end":{"line":44,"column":6}},"10":{"start":{"line":20,"column":24},"end":{"line":26,"column":10}},"11":{"start":{"line":21,"column":12},"end":{"line":25,"column":13}},"12":{"start":{"line":28,"column":22},"end":{"line":37,"column":10}},"13":{"start":{"line":29,"column":23},"end":{"line":29,"column":56}},"14":{"start":{"line":31,"column":12},"end":{"line":35,"column":14}},"15":{"start":{"line":36,"column":12},"end":{"line":36,"column":27}},"16":{"start":{"line":40,"column":8},"end":{"line":43,"column":10}},"17":{"start":{"line":42,"column":12},"end":{"line":42,"column":28}},"18":{"start":{"line":49,"column":0},"end":{"line":51,"column":1}}},"fnMap":{"0":{"name":"getRestuarant","decl":{"start":{"line":3,"column":15},"end":{"line":3,"column":28}},"loc":{"start":{"line":3,"column":52},"end":{"line":15,"column":1}},"line":3},"1":{"name":"(anonymous_1)","decl":{"start":{"line":9,"column":20},"end":{"line":9,"column":21}},"loc":{"start":{"line":9,"column":31},"end":{"line":11,"column":5}},"line":9},"2":{"name":"getReviews","decl":{"start":{"line":16,"column":9},"end":{"line":16,"column":19}},"loc":{"start":{"line":16,"column":26},"end":{"line":45,"column":1}},"line":16},"3":{"name":"(anonymous_3)","decl":{"start":{"line":17,"column":23},"end":{"line":17,"column":24}},"loc":{"start":{"line":17,"column":44},"end":{"line":44,"column":5}},"line":17},"4":{"name":"(anonymous_4)","decl":{"start":{"line":20,"column":33},"end":{"line":20,"column":34}},"loc":{"start":{"line":20,"column":43},"end":{"line":26,"column":9}},"line":20},"5":{"name":"(anonymous_5)","decl":{"start":{"line":28,"column":36},"end":{"line":28,"column":37}},"loc":{"start":{"line":28,"column":55},"end":{"line":37,"column":9}},"line":28},"6":{"name":"(anonymous_6)","decl":{"start":{"line":40,"column":34},"end":{"line":40,"column":35}},"loc":{"start":{"line":40,"column":44},"end":{"line":43,"column":9}},"line":40}},"branchMap":{},"s":{"0":1,"1":1,"2":3,"3":3,"4":3,"5":3,"6":3,"7":15,"8":3,"9":3,"10":3,"11":15,"12":3,"13":15,"14":15,"15":15,"16":3,"17":3,"18":1},"f":{"0":3,"1":15,"2":3,"3":3,"4":15,"5":15,"6":3},"b":{},"_coverageSchema":"1a1c01bbd47fc00a2c39e90264f33305004495a9","hash":"13795df859f3ecbb41f3313662834d73f3138765"}
}
