TN:
SF:yelpCalls.js
FN:3,getRestuarant
FN:9,(anonymous_1)
FN:16,getReviews
FN:17,(anonymous_3)
FN:20,(anonymous_4)
FN:28,(anonymous_5)
FN:40,(anonymous_6)
FNF:7
FNH:7
FNDA:3,getRestuarant
FNDA:15,(anonymous_1)
FNDA:3,getReviews
FNDA:3,(anonymous_3)
FNDA:15,(anonymous_4)
FNDA:15,(anonymous_5)
FNDA:3,(anonymous_6)
DA:1,1
DA:2,1
DA:4,3
DA:5,3
DA:6,3
DA:8,3
DA:9,3
DA:10,15
DA:13,3
DA:17,3
DA:20,3
DA:21,15
DA:28,3
DA:29,15
DA:31,15
DA:36,15
DA:40,3
DA:42,3
DA:49,1
LF:19
LH:19
BRF:0
BRH:0
end_of_record
