TN:
SF:yelpCalls.js
FN:5,getRestuarant
FN:11,(anonymous_1)
FN:18,getReviews
FN:19,(anonymous_3)
FN:22,(anonymous_4)
FN:30,(anonymous_5)
FN:42,(anonymous_6)
FN:49,getBusinessSearch
FN:53,(anonymous_8)
FN:56,(anonymous_9)
FN:60,(anonymous_10)
FN:67,getExertReviews
FN:68,(anonymous_12)
FN:71,(anonymous_13)
FN:74,(anonymous_14)
FNF:15
FNH:13
FNDA:3,getRestuarant
FNDA:15,(anonymous_1)
FNDA:3,getReviews
FNDA:3,(anonymous_3)
FNDA:15,(anonymous_4)
FNDA:15,(anonymous_5)
FNDA:3,(anonymous_6)
FNDA:3,getBusinessSearch
FNDA:3,(anonymous_8)
FNDA:3,(anonymous_9)
FNDA:0,(anonymous_10)
FNDA:15,getExertReviews
FNDA:15,(anonymous_12)
FNDA:15,(anonymous_13)
FNDA:0,(anonymous_14)
DA:1,1
DA:2,1
DA:3,1
DA:4,1
DA:6,3
DA:7,3
DA:8,3
DA:10,3
DA:11,3
DA:12,15
DA:15,3
DA:19,3
DA:22,3
DA:23,15
DA:30,3
DA:31,15
DA:33,15
DA:38,15
DA:42,3
DA:44,3
DA:50,3
DA:51,3
DA:52,3
DA:53,3
DA:54,3
DA:57,3
DA:61,0
DA:62,0
DA:68,15
DA:69,15
DA:72,15
DA:75,0
DA:76,0
DA:81,1
LF:34
LH:30
BRF:0
BRH:0
end_of_record
